         ps       /tb/rst        /tb/x             
          delta     /tb/ena   /tb/detector         
                      /tb/clk                      
                       /tb/DetectionCode           
          0  +2         1 1 0 00000000 0 0 
      50000  +1         1 1 1 00000000 0 0 
     100000  +1         0 1 0 00000001 0 0 
     150000  +1         0 1 1 00000001 0 0 
     200000  +1         0 1 0 00000010 0 0 
     250000  +1         0 1 1 00000010 0 0 
     300000  +1         0 1 0 00000011 0 0 
     350000  +1         0 1 1 00000011 0 0 
     400000  +1         0 1 0 00000100 0 0 
     450000  +1         0 1 1 00000100 0 0 
     500000  +1         0 1 0 00000101 0 0 
     550000  +1         0 1 1 00000101 0 0 
     600000  +1         0 1 0 00000110 0 0 
     650000  +1         0 1 1 00000110 0 0 
     700000  +1         0 1 0 00000111 0 0 
     750000  +1         0 1 1 00000111 0 0 
     800000  +1         0 1 0 00001000 0 0 
     850000  +1         0 1 1 00001000 0 0 
     900000  +1         0 1 0 00001001 0 0 
     950000  +2         0 1 1 00001001 0 1 
    1000000  +1         0 1 0 00001010 0 1 
    1050000  +1         0 1 1 00001010 0 1 
    1100000  +1         0 1 0 00001011 0 1 
    1150000  +1         0 1 1 00001011 0 1 
    1200000  +1         0 1 0 00001100 0 1 
    1250000  +1         0 1 1 00001100 0 1 
    1300000  +1         0 1 0 00001011 0 1 
    1350000  +1         0 1 1 00001011 0 1 
    1400000  +1         0 1 0 00001010 0 1 
    1450000  +2         0 1 1 00001010 0 0 
    1500000  +1         0 1 0 00001001 0 0 
    1550000  +1         0 1 1 00001001 0 0 
    1600000  +1         0 1 0 00001000 0 0 
    1650000  +1         0 1 1 00001000 0 0 
    1700000  +1         0 1 0 00000111 0 0 
    1750000  +1         0 1 1 00000111 0 0 
    1800000  +1         0 1 0 00000110 0 0 
    1850000  +1         0 1 1 00000110 0 0 
    1900000  +1         0 1 0 00000101 0 0 
    1950000  +1         0 1 1 00000101 0 0 
    2000000  +1         0 1 0 00000100 0 0 
    2050000  +1         0 1 1 00000100 0 0 
    2100000  +1         0 1 0 00000011 0 0 
    2150000  +1         0 1 1 00000011 0 0 
    2200000  +1         0 1 0 00000010 0 0 
    2250000  +1         0 1 1 00000010 0 0 
    2300000  +1         0 1 0 00000001 0 0 
    2350000  +1         0 1 1 00000001 0 0 
    2400000  +1         0 1 0 00000000 0 0 
    2450000  +1         0 1 1 00000000 0 0 
    2500000  +1         0 1 0 00000001 0 0 
    2550000  +1         0 1 1 00000001 0 0 
    2600000  +1         0 1 0 00000010 0 0 
    2650000  +1         0 1 1 00000010 0 0 
    2700000  +1         0 1 0 00000011 0 0 
    2750000  +1         0 1 1 00000011 0 0 
    2800000  +1         0 1 0 00000100 0 0 
    2850000  +1         0 1 1 00000100 0 0 
    2900000  +1         0 1 0 00000101 0 0 
    2950000  +1         0 1 1 00000101 0 0 
    3000000  +1         0 1 0 00000110 0 0 
    3050000  +1         0 1 1 00000110 0 0 
    3100000  +1         0 1 0 00000111 0 0 
    3150000  +1         0 1 1 00000111 0 0 
    3200000  +1         0 1 0 00001000 0 0 
    3250000  +2         0 1 1 00001000 0 1 
    3300000  +1         0 1 0 00001001 0 1 
    3350000  +1         0 1 1 00001001 0 1 
    3400000  +1         0 1 0 00001010 0 1 
    3450000  +1         0 1 1 00001010 0 1 
    3500000  +1         0 1 0 00001011 1 1 
    3550000  +2         0 1 1 00001011 1 0 
    3600000  +1         0 1 0 00001100 1 0 
    3650000  +1         0 1 1 00001100 1 0 
    3700000  +1         0 1 0 00001101 1 0 
    3750000  +1         0 1 1 00001101 1 0 
    3800000  +1         0 1 0 00001110 1 0 
    3850000  +1         0 1 1 00001110 1 0 
    3900000  +1         0 1 0 00001111 1 0 
    3950000  +1         0 1 1 00001111 1 0 
    4000000  +1         0 1 0 00010000 0 0 
    4050000  +1         0 1 1 00010000 0 0 
    4100000  +1         0 1 0 00010001 0 0 
    4150000  +1         0 1 1 00010001 0 0 
    4200000  +1         0 1 0 00010010 0 0 
    4250000  +1         0 1 1 00010010 0 0 
    4300000  +1         0 1 0 00010011 0 0 
    4350000  +1         0 1 1 00010011 0 0 
    4400000  +1         0 1 0 00010100 0 0 
    4450000  +1         0 1 1 00010100 0 0 
    4500000  +1         0 1 0 00010101 0 0 
    4550000  +1         0 1 1 00010101 0 0 
    4600000  +1         0 1 0 00010110 0 0 
    4650000  +2         0 1 1 00010110 0 1 
    4700000  +1         0 1 0 00010111 0 1 
    4750000  +1         0 1 1 00010111 0 1 
    4800000  +1         0 1 0 00011000 0 1 
    4850000  +1         0 1 1 00011000 0 1 
    4900000  +1         0 1 0 00011001 0 1 
    4950000  +1         0 1 1 00011001 0 1 
    5000000  +1         0 1 0 00011011 0 1 
    5050000  +1         0 1 1 00011011 0 1 
    5100000  +1         0 1 0 00011101 1 1 
    5150000  +1         0 1 1 00011101 1 1 
    5200000  +1         0 1 0 00011111 1 1 
    5250000  +1         0 1 1 00011111 1 1 
    5300000  +1         0 1 0 00100001 1 1 
    5350000  +1         0 1 1 00100001 1 1 
    5400000  +1         0 1 0 00100011 1 1 
    5450000  +1         0 1 1 00100011 1 1 
    5500000  +1         0 1 0 00100101 1 1 
    5550000  +1         0 1 1 00100101 1 1 
    5600000  +1         0 1 0 00100111 1 1 
    5650000  +1         0 1 1 00100111 1 1 
    5700000  +1         0 1 0 01111111 0 1 
    5750000  +2         0 1 1 01111111 0 0 
    5800000  +1         0 1 0 01111111 0 0 
    5850000  +1         0 1 1 01111111 0 0 
    5900000  +1         0 1 0 10000000 0 0 
    5950000  +1         0 1 1 10000000 0 0 
    6000000  +1         0 1 0 10000001 0 0 
    6050000  +1         0 1 1 10000001 0 0 
    6100000  +1         0 1 0 10000010 0 0 
    6150000  +1         0 1 1 10000010 0 0 
    6200000  +1         0 1 0 10000011 0 0 
    6250000  +1         0 1 1 10000011 0 0 
    6300000  +1         0 1 0 10000100 0 0 
    6350000  +1         0 1 1 10000100 0 0 
    6400000  +1         0 1 0 10000101 0 0 
    6450000  +1         0 1 1 10000101 0 0 
    6500000  +1         0 1 0 10000110 0 0 
    6550000  +1         0 1 1 10000110 0 0 
    6600000  +1         0 1 0 10000111 0 0 
    6650000  +1         0 1 1 10000111 0 0 
    6700000  +1         0 1 0 10001000 0 0 
    6750000  +2         0 1 1 10001000 0 1 
    6800000  +1         0 1 0 10001001 0 1 
    6850000  +1         0 1 1 10001001 0 1 
    6900000  +1         0 1 0 10001010 0 1 
    6950000  +1         0 1 1 10001010 0 1 
    7000000  +1         0 1 0 00000000 1 1 
    7050000  +2         0 1 1 00000000 1 0 
    7100000  +1         0 1 0 00000010 1 0 
    7150000  +1         0 1 1 00000010 1 0 
    7200000  +1         0 1 0 00000100 1 0 
    7250000  +1         0 1 1 00000100 1 0 
    7300000  +1         0 1 0 00000110 1 0 
    7350000  +1         0 1 1 00000110 1 0 
    7400000  +1         0 1 0 00001000 1 0 
    7450000  +1         0 1 1 00001000 1 0 
    7500000  +1         0 1 0 00001010 1 0 
    7550000  +1         0 1 1 00001010 1 0 
    7600000  +1         0 1 0 00001100 1 0 
    7650000  +1         0 1 1 00001100 1 0 
    7700000  +1         0 1 0 00001110 1 0 
    7750000  +1         0 1 1 00001110 1 0 
    7800000  +1         0 1 0 00010000 1 0 
    7850000  +2         0 1 1 00010000 1 1 
    7900000  +1         0 1 0 00010010 1 1 
    7950000  +1         0 1 1 00010010 1 1 
    8000000  +1         0 1 0 00010100 1 1 
    8050000  +1         0 1 1 00010100 1 1 
    8100000  +1         0 1 0 00010110 1 1 
    8150000  +1         0 1 1 00010110 1 1 
    8200000  +1         0 1 0 00011000 1 1 
    8250000  +1         0 1 1 00011000 1 1 
    8300000  +1         0 1 0 00010110 1 1 
    8350000  +1         0 1 1 00010110 1 1 
    8400000  +1         0 1 0 00010100 1 1 
    8450000  +2         0 1 1 00010100 1 0 
    8500000  +1         0 1 0 00010010 1 0 
    8550000  +1         0 1 1 00010010 1 0 
    8600000  +1         0 1 0 00010000 1 0 
    8650000  +1         0 1 1 00010000 1 0 
    8700000  +1         0 1 0 00001110 1 0 
    8750000  +1         0 1 1 00001110 1 0 
    8800000  +1         0 1 0 00001100 1 0 
    8850000  +1         0 1 1 00001100 1 0 
    8900000  +1         0 1 0 00001010 1 0 
    8950000  +1         0 1 1 00001010 1 0 
    9000000  +1         0 1 0 00001000 1 0 
    9050000  +1         0 1 1 00001000 1 0 
    9100000  +1         0 1 0 00000110 1 0 
    9150000  +1         0 1 1 00000110 1 0 
    9200000  +1         0 1 0 00000100 1 0 
    9250000  +1         0 1 1 00000100 1 0 
    9300000  +1         0 1 0 00000010 1 0 
    9350000  +1         0 1 1 00000010 1 0 
    9400000  +1         0 1 0 00000000 1 0 
    9450000  +1         0 1 1 00000000 1 0 
    9500000  +1         0 1 0 00000010 1 0 
    9550000  +1         0 1 1 00000010 1 0 
    9600000  +1         0 1 0 00000100 1 0 
    9650000  +1         0 1 1 00000100 1 0 
    9700000  +1         0 1 0 00000110 1 0 
    9750000  +1         0 1 1 00000110 1 0 
    9800000  +1         0 1 0 00001000 1 0 
    9850000  +1         0 1 1 00001000 1 0 
    9900000  +1         0 1 0 00001010 1 0 
    9950000  +1         0 1 1 00001010 1 0 
   10000000  +1         0 1 0 00001100 1 0 
   10050000  +1         0 1 1 00001100 1 0 
   10100000  +1         0 1 0 00001110 1 0 
   10150000  +1         0 1 1 00001110 1 0 
   10200000  +1         0 1 0 00010000 1 0 
   10250000  +2         0 1 1 00010000 1 1 
   10300000  +1         0 1 0 00010010 1 1 
   10350000  +1         0 1 1 00010010 1 1 
   10400000  +1         0 1 0 00010100 1 1 
   10450000  +1         0 1 1 00010100 1 1 
   10500000  +1         0 1 0 00010110 2 1 
   10550000  +2         0 1 1 00010110 2 0 
   10600000  +1         0 1 0 00011000 2 0 
   10650000  +1         0 1 1 00011000 2 0 
   10700000  +1         0 1 0 00011010 2 0 
   10750000  +1         0 1 1 00011010 2 0 
   10800000  +1         0 1 0 00011100 2 0 
   10850000  +1         0 1 1 00011100 2 0 
   10900000  +1         0 1 0 00011110 2 0 
   10950000  +1         0 1 1 00011110 2 0 
   11000000  +1         0 1 0 00100000 1 0 
   11050000  +1         0 1 1 00100000 1 0 
   11100000  +1         0 1 0 00100010 1 0 
   11150000  +1         0 1 1 00100010 1 0 
   11200000  +1         0 1 0 00100100 1 0 
   11250000  +1         0 1 1 00100100 1 0 
   11300000  +1         0 1 0 00100110 1 0 
   11350000  +1         0 1 1 00100110 1 0 
   11400000  +1         0 1 0 00101000 1 0 
   11450000  +1         0 1 1 00101000 1 0 
   11500000  +1         0 1 0 00101010 1 0 
   11550000  +1         0 1 1 00101010 1 0 
   11600000  +1         0 1 0 00101100 1 0 
   11650000  +2         0 1 1 00101100 1 1 
   11700000  +1         0 1 0 00101110 1 1 
   11750000  +1         0 1 1 00101110 1 1 
   11800000  +1         0 1 0 00110000 1 1 
   11850000  +1         0 1 1 00110000 1 1 
   11900000  +1         0 1 0 00110010 1 1 
   11950000  +1         0 1 1 00110010 1 1 
   12000000  +1         0 1 0 00110101 1 1 
   12050000  +1         0 1 1 00110101 1 1 
   12100000  +1         0 1 0 00111000 2 1 
   12150000  +1         0 1 1 00111000 2 1 
   12200000  +1         0 1 0 00111011 2 1 
   12250000  +1         0 1 1 00111011 2 1 
   12300000  +1         0 1 0 00111110 2 1 
   12350000  +1         0 1 1 00111110 2 1 
   12400000  +1         0 1 0 01000001 2 1 
   12450000  +1         0 1 1 01000001 2 1 
   12500000  +1         0 1 0 01000100 2 1 
   12550000  +1         0 1 1 01000100 2 1 
   12600000  +1         0 1 0 01000111 2 1 
   12650000  +1         0 1 1 01000111 2 1 
   12700000  +1         0 1 0 01111111 0 1 
   12750000  +2         0 1 1 01111111 0 0 
   12800000  +1         0 1 0 01111111 0 0 
   12850000  +1         0 1 1 01111111 0 0 
   12900000  +1         0 1 0 10000000 0 0 
   12950000  +1         0 1 1 10000000 0 0 
   13000000  +1         0 1 0 10000001 0 0 
   13050000  +1         0 1 1 10000001 0 0 
   13100000  +1         0 1 0 10000010 0 0 
   13150000  +1         0 1 1 10000010 0 0 
   13200000  +1         0 1 0 10000011 0 0 
   13250000  +1         0 1 1 10000011 0 0 
   13300000  +1         0 1 0 10000100 0 0 
   13350000  +1         0 1 1 10000100 0 0 
   13400000  +1         0 1 0 10000101 0 0 
   13450000  +1         0 1 1 10000101 0 0 
   13500000  +1         0 1 0 10000110 0 0 
   13550000  +1         0 1 1 10000110 0 0 
   13600000  +1         0 1 0 10000111 0 0 
   13650000  +1         0 1 1 10000111 0 0 
   13700000  +1         0 1 0 10001000 0 0 
   13750000  +2         0 1 1 10001000 0 1 
   13800000  +1         0 1 0 10001001 0 1 
   13850000  +1         0 1 1 10001001 0 1 
   13900000  +1         0 1 0 10001010 0 1 
   13950000  +1         0 1 1 10001010 0 1 
   14000000  +1         0 1 0 00000000 2 1 
   14050000  +2         0 1 1 00000000 2 0 
   14100000  +1         0 1 0 00000011 2 0 
   14150000  +1         0 1 1 00000011 2 0 
   14200000  +1         0 1 0 00000110 2 0 
   14250000  +1         0 1 1 00000110 2 0 
   14300000  +1         0 1 0 00001001 2 0 
   14350000  +1         0 1 1 00001001 2 0 
   14400000  +1         0 1 0 00001100 2 0 
   14450000  +1         0 1 1 00001100 2 0 
   14500000  +1         0 1 0 00001111 2 0 
   14550000  +1         0 1 1 00001111 2 0 
   14600000  +1         0 1 0 00010010 2 0 
   14650000  +1         0 1 1 00010010 2 0 
   14700000  +1         0 1 0 00010101 2 0 
   14750000  +1         0 1 1 00010101 2 0 
   14800000  +1         0 1 0 00011000 2 0 
   14850000  +2         0 1 1 00011000 2 1 
   14900000  +1         0 1 0 00011011 2 1 
   14950000  +1         0 1 1 00011011 2 1 
   15000000  +1         0 1 0 00011110 2 1 
   15050000  +1         0 1 1 00011110 2 1 
   15100000  +1         0 1 0 00100001 2 1 
   15150000  +1         0 1 1 00100001 2 1 
   15200000  +1         0 1 0 00100100 2 1 
   15250000  +1         0 1 1 00100100 2 1 
   15300000  +1         0 1 0 00100001 2 1 
   15350000  +1         0 1 1 00100001 2 1 
   15400000  +1         0 1 0 00011110 2 1 
   15450000  +2         0 1 1 00011110 2 0 
   15500000  +1         0 1 0 00011011 2 0 
   15550000  +1         0 1 1 00011011 2 0 
   15600000  +1         0 1 0 00011000 2 0 
   15650000  +1         0 1 1 00011000 2 0 
   15700000  +1         0 1 0 00010101 2 0 
   15750000  +1         0 1 1 00010101 2 0 
   15800000  +1         0 1 0 00010010 2 0 
   15850000  +1         0 1 1 00010010 2 0 
   15900000  +1         0 1 0 00001111 2 0 
   15950000  +1         0 1 1 00001111 2 0 
   16000000  +1         0 1 0 00001100 2 0 
   16050000  +1         0 1 1 00001100 2 0 
   16100000  +1         0 1 0 00001001 2 0 
   16150000  +1         0 1 1 00001001 2 0 
   16200000  +1         0 1 0 00000110 2 0 
   16250000  +1         0 1 1 00000110 2 0 
   16300000  +1         0 1 0 00000011 2 0 
   16350000  +1         0 1 1 00000011 2 0 
   16400000  +1         0 1 0 00000000 2 0 
   16450000  +1         0 1 1 00000000 2 0 
   16500000  +1         0 1 0 00000011 2 0 
   16550000  +1         0 1 1 00000011 2 0 
   16600000  +1         0 1 0 00000110 2 0 
   16650000  +1         0 1 1 00000110 2 0 
   16700000  +1         0 1 0 00001001 2 0 
   16750000  +1         0 1 1 00001001 2 0 
   16800000  +1         0 1 0 00001100 2 0 
   16850000  +1         0 1 1 00001100 2 0 
   16900000  +1         0 1 0 00001111 2 0 
   16950000  +1         0 1 1 00001111 2 0 
   17000000  +1         0 1 0 00010010 2 0 
   17050000  +1         0 1 1 00010010 2 0 
   17100000  +1         0 1 0 00010101 2 0 
   17150000  +1         0 1 1 00010101 2 0 
   17200000  +1         0 1 0 00011000 2 0 
   17250000  +2         0 1 1 00011000 2 1 
   17300000  +1         0 1 0 00011011 2 1 
   17350000  +1         0 1 1 00011011 2 1 
   17400000  +1         0 1 0 00011110 2 1 
   17450000  +1         0 1 1 00011110 2 1 
   17500000  +1         0 1 0 00100001 3 1 
   17550000  +2         0 1 1 00100001 3 0 
   17600000  +1         0 1 0 00100100 3 0 
   17650000  +1         0 1 1 00100100 3 0 
   17700000  +1         0 1 0 00100111 3 0 
   17750000  +1         0 1 1 00100111 3 0 
   17800000  +1         0 1 0 00101010 3 0 
   17850000  +1         0 1 1 00101010 3 0 
   17900000  +1         0 1 0 00101101 3 0 
   17950000  +1         0 1 1 00101101 3 0 
   18000000  +1         0 1 0 00110000 2 0 
   18050000  +1         0 1 1 00110000 2 0 
   18100000  +1         0 1 0 00110011 2 0 
   18150000  +1         0 1 1 00110011 2 0 
   18200000  +1         0 1 0 00110110 2 0 
   18250000  +1         0 1 1 00110110 2 0 
   18300000  +1         0 1 0 00111001 2 0 
   18350000  +1         0 1 1 00111001 2 0 
   18400000  +1         0 1 0 00111100 2 0 
   18450000  +1         0 1 1 00111100 2 0 
   18500000  +1         0 1 0 00111111 2 0 
   18550000  +1         0 1 1 00111111 2 0 
   18600000  +1         0 1 0 01000010 2 0 
   18650000  +2         0 1 1 01000010 2 1 
   18700000  +1         0 1 0 01000101 2 1 
   18750000  +1         0 1 1 01000101 2 1 
   18800000  +1         0 1 0 01001000 2 1 
   18850000  +1         0 1 1 01001000 2 1 
   18900000  +1         0 1 0 01001011 2 1 
   18950000  +1         0 1 1 01001011 2 1 
   19000000  +1         0 1 0 01001111 2 1 
   19050000  +1         0 1 1 01001111 2 1 
   19100000  +1         0 1 0 01010011 3 1 
   19150000  +1         0 1 1 01010011 3 1 
   19200000  +1         0 1 0 01010111 3 1 
   19250000  +1         0 1 1 01010111 3 1 
   19300000  +1         0 1 0 01011011 3 1 
   19350000  +1         0 1 1 01011011 3 1 
   19400000  +1         0 1 0 01011111 3 1 
   19450000  +1         0 1 1 01011111 3 1 
   19500000  +1         0 1 0 01100011 3 1 
   19550000  +1         0 1 1 01100011 3 1 
   19600000  +1         0 1 0 01100111 3 1 
   19650000  +1         0 1 1 01100111 3 1 
   19700000  +1         0 1 0 01111111 0 1 
   19750000  +2         0 1 1 01111111 0 0 
   19800000  +1         0 1 0 01111111 0 0 
   19850000  +1         0 1 1 01111111 0 0 
   19900000  +1         0 1 0 10000000 0 0 
   19950000  +1         0 1 1 10000000 0 0 
   20000000  +1         0 1 0 10000001 0 0 
   20050000  +1         0 1 1 10000001 0 0 
   20100000  +1         0 1 0 10000010 0 0 
   20150000  +1         0 1 1 10000010 0 0 
   20200000  +1         0 1 0 10000011 0 0 
   20250000  +1         0 1 1 10000011 0 0 
   20300000  +1         0 1 0 10000100 0 0 
   20350000  +1         0 1 1 10000100 0 0 
   20400000  +1         0 1 0 10000101 0 0 
   20450000  +1         0 1 1 10000101 0 0 
   20500000  +1         0 1 0 10000110 0 0 
   20550000  +1         0 1 1 10000110 0 0 
   20600000  +1         0 1 0 10000111 0 0 
   20650000  +1         0 1 1 10000111 0 0 
   20700000  +1         0 1 0 10001000 0 0 
   20750000  +2         0 1 1 10001000 0 1 
   20800000  +1         0 1 0 10001001 0 1 
   20850000  +1         0 1 1 10001001 0 1 
   20900000  +1         0 1 0 10001010 0 1 
   20950000  +1         0 1 1 10001010 0 1 
   21000000  +1         0 1 0 00000000 3 1 
   21050000  +2         0 1 1 00000000 3 0 
   21100000  +1         0 1 0 00000100 3 0 
   21150000  +1         0 1 1 00000100 3 0 
   21200000  +1         0 1 0 00001000 3 0 
   21250000  +1         0 1 1 00001000 3 0 
   21300000  +1         0 1 0 00001100 3 0 
   21350000  +1         0 1 1 00001100 3 0 
   21400000  +1         0 1 0 00010000 3 0 
   21450000  +1         0 1 1 00010000 3 0 
   21500000  +1         0 1 0 00010100 3 0 
   21550000  +1         0 1 1 00010100 3 0 
   21600000  +1         0 1 0 00011000 3 0 
   21650000  +1         0 1 1 00011000 3 0 
   21700000  +1         0 1 0 00011100 3 0 
   21750000  +1         0 1 1 00011100 3 0 
   21800000  +1         0 1 0 00100000 3 0 
   21850000  +2         0 1 1 00100000 3 1 
   21900000  +1         0 1 0 00100100 3 1 
   21950000  +1         0 1 1 00100100 3 1 
   22000000  +1         0 1 0 00101000 3 1 
   22050000  +1         0 1 1 00101000 3 1 
   22100000  +1         0 1 0 00101100 3 1 
   22150000  +1         0 1 1 00101100 3 1 
   22200000  +1         0 1 0 00110000 3 1 
   22250000  +1         0 1 1 00110000 3 1 
   22300000  +1         0 1 0 00101100 3 1 
   22350000  +1         0 1 1 00101100 3 1 
   22400000  +1         0 1 0 00101000 3 1 
   22450000  +2         0 1 1 00101000 3 0 
   22500000  +1         0 1 0 00100100 3 0 
   22550000  +1         0 1 1 00100100 3 0 
   22600000  +1         0 1 0 00100000 3 0 
   22650000  +1         0 1 1 00100000 3 0 
   22700000  +1         0 1 0 00011100 3 0 
   22750000  +1         0 1 1 00011100 3 0 
   22800000  +1         0 1 0 00011000 3 0 
   22850000  +1         0 1 1 00011000 3 0 
   22900000  +1         0 1 0 00010100 3 0 
   22950000  +1         0 1 1 00010100 3 0 
   23000000  +1         0 1 0 00010000 3 0 
   23050000  +1         0 1 1 00010000 3 0 
   23100000  +1         0 1 0 00001100 3 0 
   23150000  +1         0 1 1 00001100 3 0 
   23200000  +1         0 1 0 00001000 3 0 
   23250000  +1         0 1 1 00001000 3 0 
   23300000  +1         0 1 0 00000100 3 0 
   23350000  +1         0 1 1 00000100 3 0 
   23400000  +1         0 1 0 00000000 3 0 
   23450000  +1         0 1 1 00000000 3 0 
   23500000  +1         0 1 0 00000100 3 0 
   23550000  +1         0 1 1 00000100 3 0 
   23600000  +1         0 1 0 00001000 3 0 
   23650000  +1         0 1 1 00001000 3 0 
   23700000  +1         0 1 0 00001100 3 0 
   23750000  +1         0 1 1 00001100 3 0 
   23800000  +1         0 1 0 00010000 3 0 
   23850000  +1         0 1 1 00010000 3 0 
   23900000  +1         0 1 0 00010100 3 0 
   23950000  +1         0 1 1 00010100 3 0 
   24000000  +1         0 1 0 00011000 3 0 
   24050000  +1         0 1 1 00011000 3 0 
   24100000  +1         0 1 0 00011100 3 0 
   24150000  +1         0 1 1 00011100 3 0 
   24200000  +1         0 1 0 00100000 3 0 
   24250000  +2         0 1 1 00100000 3 1 
   24300000  +1         0 1 0 00100100 3 1 
   24350000  +1         0 1 1 00100100 3 1 
   24400000  +1         0 1 0 00101000 3 1 
   24450000  +1         0 1 1 00101000 3 1 
